 expand_lattice
 QF_STRAIGHT##1[K1] = -5.47623982197304737E-002
 QF_STRAIGHT##2[K1] = -5.47623982197304737E-002
 QD_STRAIGHT##1[K1] =  6.45785739407081227E-002
 QD_STRAIGHT##2[K1] =  6.45785739407081227E-002
 
 end_file
 
 
 ! Top 10
 
 Constraints                      Ref_Ele    Start_Ele   Ele/S    Meas-or-Lim    Model       Merit      Max_Loc
 phase[2]       phase.b <target>                        END        1.0472E+00   1.5094E+00  2.136E+00
 phase[1]       phase.a <target>                        END        1.0472E+00   1.4755E+00  1.834E+00
 quad_stren[2]  QD*[K1]                                 11.00     -1.0000E+30   6.4579E-02  0.000E+00
 quad_stren[1]  QF*[K1]                                 0.50      -1.0000E+30  -5.4762E-02  0.000E+00
 Constraints                      Ref_Ele    Start_Ele   Ele/S    Meas-or-Lim    Model       Merit      Max_Loc
 
  figure of merit: 3.970301E+00
 
 List of non-zero contributors to the Merit Function:
 Name                                          Merit           Sigma [= sqrt(Chi^2/N)]
 phase.cell_end_phase                          3.9703E+00      4.4555E-01
 
 Constraints                      Ref_Ele    Start_Ele   Ele/S    Meas-or-Lim    Model       Merit      Max_Loc
 phase[1]       phase.a <target>                        END        1.0472E+00   1.4755E+00  1.834E+00
 phase[2]       phase.b <target>                        END        1.0472E+00   1.5094E+00  2.136E+00
 quad_stren[1]  QF*[K1]                                 0.50      -1.0000E+30  -5.4762E-02  0.000E+00
 quad_stren[2]  QD*[K1]                                 11.00     -1.0000E+30   6.4579E-02  0.000E+00
 Constraints                      Ref_Ele    Start_Ele   Ele/S    Meas-or-Lim    Model       Merit      Max_Loc
 
  figure of merit: 3.970301E+00
