 FQ[K1] =  3.77815202559555141E-001
 DQ[K1] = -6.67866465359443162E-001
 
 end_file
 
 
 ! Top 10
 
 Constraints                 Ref_Ele    Start_Ele   Ele/S    Meas-or-Lim    Model       Merit      Max_Loc
 elements[1]  r.12 <target>                        END        0.0000E+00   1.4069E-05  1.979E-10
 elements[2]  r.34 <target>                        END        0.0000E+00  -6.0408E-06  3.649E-11
 quad[2]      DQ[K1]                               8.00      -5.0000E+01  -6.6787E-01  0.000E+00
 quad[1]      FQ[K1]                               5.50       5.0000E+01   3.7782E-01  0.000E+00
 Constraints                 Ref_Ele    Start_Ele   Ele/S    Meas-or-Lim    Model       Merit      Max_Loc
 
  figure of merit: 2.344285E-10
 
 List of non-zero contributors to the Merit Function:
 Name                                          Merit           Sigma [= sqrt(Chi^2/N)]
 elements.r                                    2.3443E-10      1.0827E-05
 
 Constraints                 Ref_Ele    Start_Ele   Ele/S    Meas-or-Lim    Model       Merit      Max_Loc
 elements[1]  r.12 <target>                        END        0.0000E+00   1.4069E-05  1.979E-10
 elements[2]  r.34 <target>                        END        0.0000E+00  -6.0408E-06  3.649E-11
 quad[1]      FQ[K1]                               5.50       5.0000E+01   3.7782E-01  0.000E+00
 quad[2]      DQ[K1]                               8.00      -5.0000E+01  -6.6787E-01  0.000E+00
 Constraints                 Ref_Ele    Start_Ele   Ele/S    Meas-or-Lim    Model       Merit      Max_Loc
 
  figure of merit: 2.344285E-10
