 FQ[K1] =  3.77815326693631437E-001
 DQ[K1] = -6.67866502289940600E-001
 
 end_file
 
 
 ! Top 10
 
 Constraints                 Ref_Ele    Start_Ele   Ele/S    Meas-or-Lim    Model       Merit      Max_Loc
 elements[1]  r.12 <target>                        END        0.0000E+00   3.2466E-15  1.054E-29
 elements[2]  r.34 <target>                        END        0.0000E+00   8.8818E-16  7.889E-31
 quad[2]      DQ[K1]                               8.00      -5.0000E+01  -6.6787E-01  0.000E+00
 quad[1]      FQ[K1]                               5.50       5.0000E+01   3.7782E-01  0.000E+00
 Constraints                 Ref_Ele    Start_Ele   Ele/S    Meas-or-Lim    Model       Merit      Max_Loc
 
  figure of merit: 1.132919E-29
 
 List of non-zero contributors to the Merit Function:
 Name                                          Merit           Sigma [= sqrt(Chi^2/N)]
 elements.r                                    1.1329E-29      2.3800E-15
 
 Constraints                 Ref_Ele    Start_Ele   Ele/S    Meas-or-Lim    Model       Merit      Max_Loc
 elements[1]  r.12 <target>                        END        0.0000E+00   3.2466E-15  1.054E-29
 elements[2]  r.34 <target>                        END        0.0000E+00   8.8818E-16  7.889E-31
 quad[1]      FQ[K1]                               5.50       5.0000E+01   3.7782E-01  0.000E+00
 quad[2]      DQ[K1]                               8.00      -5.0000E+01  -6.6787E-01  0.000E+00
 Constraints                 Ref_Ele    Start_Ele   Ele/S    Meas-or-Lim    Model       Merit      Max_Loc
 
  figure of merit: 1.132919E-29
