 expand_lattice
 QF_STRAIGHT##1[K1] =  1.08833878820421143E-001   ! Not used in optimizing
 QF_STRAIGHT##2[K1] =  1.08833878820421143E-001   ! Not used in optimizing
 QF_STRAIGHT##3[K1] =  1.08833878820421143E-001   ! Not used in optimizing
 QF_STRAIGHT##4[K1] =  1.08833878820421143E-001   ! Not used in optimizing
 QF_STRAIGHT##5[K1] =  1.08833878820421143E-001   ! Not used in optimizing
 QF_STRAIGHT##6[K1] =  1.08833878820421143E-001   ! Not used in optimizing
 QF_STRAIGHT##7[K1] =  1.08833878820421143E-001   ! Not used in optimizing
 QF_STRAIGHT##8[K1] =  1.08833878820421143E-001   ! Not used in optimizing
 QF_STRAIGHT##9[K1] =  1.08833878820421143E-001   ! Not used in optimizing
 QF_STRAIGHT##10[K1] =  1.08833878820421143E-001   ! Not used in optimizing
 QF_DS##1[K1] =  1.08833878820421143E-001   ! Not used in optimizing
 QF_DS##2[K1] =  1.08833878820421143E-001   ! Not used in optimizing
 QF_RACETRACK##1[K1] =  1.08833878820421143E-001   ! Not used in optimizing
 QF_RACETRACK##2[K1] =  1.08833878820421143E-001   ! Not used in optimizing
 QF_RACETRACK##3[K1] =  1.08833878820421143E-001   ! Not used in optimizing
 QF_RACETRACK##4[K1] =  1.08833878820421143E-001   ! Not used in optimizing
 QF_RACETRACK##5[K1] =  1.08833878820421143E-001   ! Not used in optimizing
 QF_RACETRACK##6[K1] =  1.08833878820421143E-001   ! Not used in optimizing
 QF_RACETRACK##7[K1] =  1.08833878820421143E-001   ! Not used in optimizing
 QF_RACETRACK##8[K1] =  1.08833878820421143E-001   ! Not used in optimizing
 QF_RACETRACK##9[K1] =  1.08833878820421143E-001   ! Not used in optimizing
 QF_RACETRACK##10[K1] =  1.08833878820421143E-001   ! Not used in optimizing
 QF_DS##3[K1] =  1.08833878820421143E-001   ! Not used in optimizing
 QF_DS##4[K1] =  1.08833878820421143E-001   ! Not used in optimizing
 QF_STRAIGHT##11[K1] =  1.08833878820421143E-001   ! Not used in optimizing
 QF_STRAIGHT##12[K1] =  1.08833878820421143E-001   ! Not used in optimizing
 QF_STRAIGHT##13[K1] =  1.08833878820421143E-001   ! Not used in optimizing
 QF_STRAIGHT##14[K1] =  1.08833878820421143E-001   ! Not used in optimizing
 QF_STRAIGHT##15[K1] =  1.08833878820421143E-001   ! Not used in optimizing
 QF_STRAIGHT##16[K1] =  1.08833878820421143E-001   ! Not used in optimizing
 QF_STRAIGHT##17[K1] =  1.08833878820421143E-001   ! Not used in optimizing
 QF_STRAIGHT##18[K1] =  1.08833878820421143E-001   ! Not used in optimizing
 QF_STRAIGHT##19[K1] =  1.08833878820421143E-001   ! Not used in optimizing
 QF_STRAIGHT##20[K1] =  1.08833878820421143E-001   ! Not used in optimizing
 QF_DS##5[K1] =  1.08833878820421143E-001   ! Not used in optimizing
 QF_DS##6[K1] =  1.08833878820421143E-001   ! Not used in optimizing
 QF_RACETRACK##11[K1] =  1.08833878820421143E-001   ! Not used in optimizing
 QF_RACETRACK##12[K1] =  1.08833878820421143E-001   ! Not used in optimizing
 QF_RACETRACK##13[K1] =  1.08833878820421143E-001   ! Not used in optimizing
 QF_RACETRACK##14[K1] =  1.08833878820421143E-001   ! Not used in optimizing
 QF_RACETRACK##15[K1] =  1.08833878820421143E-001   ! Not used in optimizing
 QF_RACETRACK##16[K1] =  1.08833878820421143E-001   ! Not used in optimizing
 QF_RACETRACK##17[K1] =  1.08833878820421143E-001   ! Not used in optimizing
 QF_RACETRACK##18[K1] =  1.08833878820421143E-001   ! Not used in optimizing
 QF_RACETRACK##19[K1] =  1.08833878820421143E-001   ! Not used in optimizing
 QF_RACETRACK##20[K1] =  1.08833878820421143E-001   ! Not used in optimizing
 QF_DS##7[K1] =  1.08833878820421143E-001   ! Not used in optimizing
 QF_DS##8[K1] =  1.08833878820421143E-001   ! Not used in optimizing
 QD_STRAIGHT##1[K1] = -8.71956112046937820E-002   ! Not used in optimizing
 QD_STRAIGHT##2[K1] = -8.71956112046937820E-002   ! Not used in optimizing
 QD_STRAIGHT##3[K1] = -8.71956112046937820E-002   ! Not used in optimizing
 QD_STRAIGHT##4[K1] = -8.71956112046937820E-002   ! Not used in optimizing
 QD_STRAIGHT##5[K1] = -8.71956112046937820E-002   ! Not used in optimizing
 QD_STRAIGHT##6[K1] = -8.71956112046937820E-002   ! Not used in optimizing
 QD_STRAIGHT##7[K1] = -8.71956112046937820E-002   ! Not used in optimizing
 QD_STRAIGHT##8[K1] = -8.71956112046937820E-002   ! Not used in optimizing
 QD_STRAIGHT##9[K1] = -8.71956112046937820E-002   ! Not used in optimizing
 QD_STRAIGHT##10[K1] = -8.71956112046937820E-002   ! Not used in optimizing
 QD_DS##1[K1] = -8.71956112046937820E-002   ! Not used in optimizing
 QD_DS##2[K1] = -8.71956112046937820E-002   ! Not used in optimizing
 QD_RACETRACK##1[K1] = -8.71956112046937820E-002   ! Not used in optimizing
 QD_RACETRACK##2[K1] = -8.71956112046937820E-002   ! Not used in optimizing
 QD_RACETRACK##3[K1] = -8.71956112046937820E-002   ! Not used in optimizing
 QD_RACETRACK##4[K1] = -8.71956112046937820E-002   ! Not used in optimizing
 QD_RACETRACK##5[K1] = -8.71956112046937820E-002   ! Not used in optimizing
 QD_RACETRACK##6[K1] = -8.71956112046937820E-002   ! Not used in optimizing
 QD_RACETRACK##7[K1] = -8.71956112046937820E-002   ! Not used in optimizing
 QD_RACETRACK##8[K1] = -8.71956112046937820E-002   ! Not used in optimizing
 QD_RACETRACK##9[K1] = -8.71956112046937820E-002   ! Not used in optimizing
 QD_RACETRACK##10[K1] = -8.71956112046937820E-002   ! Not used in optimizing
 QD_DS##3[K1] = -8.71956112046937820E-002   ! Not used in optimizing
 QD_DS##4[K1] = -8.71956112046937820E-002   ! Not used in optimizing
 QD_STRAIGHT##11[K1] = -8.71956112046937820E-002   ! Not used in optimizing
 QD_STRAIGHT##12[K1] = -8.71956112046937820E-002   ! Not used in optimizing
 QD_STRAIGHT##13[K1] = -8.71956112046937820E-002   ! Not used in optimizing
 QD_STRAIGHT##14[K1] = -8.71956112046937820E-002   ! Not used in optimizing
 QD_STRAIGHT##15[K1] = -8.71956112046937820E-002   ! Not used in optimizing
 QD_STRAIGHT##16[K1] = -8.71956112046937820E-002   ! Not used in optimizing
 QD_STRAIGHT##17[K1] = -8.71956112046937820E-002   ! Not used in optimizing
 QD_STRAIGHT##18[K1] = -8.71956112046937820E-002   ! Not used in optimizing
 QD_STRAIGHT##19[K1] = -8.71956112046937820E-002   ! Not used in optimizing
 QD_STRAIGHT##20[K1] = -8.71956112046937820E-002   ! Not used in optimizing
 QD_DS##5[K1] = -8.71956112046937820E-002   ! Not used in optimizing
 QD_DS##6[K1] = -8.71956112046937820E-002   ! Not used in optimizing
 QD_RACETRACK##11[K1] = -8.71956112046937820E-002   ! Not used in optimizing
 QD_RACETRACK##12[K1] = -8.71956112046937820E-002   ! Not used in optimizing
 QD_RACETRACK##13[K1] = -8.71956112046937820E-002   ! Not used in optimizing
 QD_RACETRACK##14[K1] = -8.71956112046937820E-002   ! Not used in optimizing
 QD_RACETRACK##15[K1] = -8.71956112046937820E-002   ! Not used in optimizing
 QD_RACETRACK##16[K1] = -8.71956112046937820E-002   ! Not used in optimizing
 QD_RACETRACK##17[K1] = -8.71956112046937820E-002   ! Not used in optimizing
 QD_RACETRACK##18[K1] = -8.71956112046937820E-002   ! Not used in optimizing
 QD_RACETRACK##19[K1] = -8.71956112046937820E-002   ! Not used in optimizing
 QD_RACETRACK##20[K1] = -8.71956112046937820E-002   ! Not used in optimizing
 QD_DS##7[K1] = -8.71956112046937820E-002   ! Not used in optimizing
 QD_DS##8[K1] = -8.71956112046937820E-002   ! Not used in optimizing
 QF_STRAIGHT##1[K1] =  1.08833878820421143E-001
 QF_STRAIGHT##2[K1] =  1.08833878820421143E-001
 QF_DS##1[K1] =  1.08833878820421143E-001
 QF_DS##2[K1] =  1.08833878820421143E-001
 QF_RACETRACK##1[K1] =  1.08833878820421143E-001
 QF_RACETRACK##2[K1] =  1.08833878820421143E-001
 QF_DS##1[K1] =  1.08833878820421143E-001
 QF_DS##2[K1] =  1.08833878820421143E-001
 QF_RACETRACK##1[K1] =  1.08833878820421143E-001
 QF_RACETRACK##2[K1] =  1.08833878820421143E-001
 QF_DS##1[K1] =  1.08833878820421143E-001
 QF_DS##2[K1] =  1.08833878820421143E-001
 QF_RACETRACK##1[K1] =  1.08833878820421143E-001
 QF_RACETRACK##2[K1] =  1.08833878820421143E-001
 QF_RACETRACK##1[K1] =  1.08833878820421143E-001
 QF_RACETRACK##2[K1] =  1.08833878820421143E-001
 QF_DS##1[K1] =  1.08833878820421143E-001
 QF_DS##2[K1] =  1.08833878820421143E-001
 QF_DS##1[K1] =  1.08833878820421143E-001
 QF_DS##2[K1] =  1.08833878820421143E-001
 QD_STRAIGHT##1[K1] = -8.71956112046937820E-002
 QD_STRAIGHT##2[K1] = -8.71956112046937820E-002
 QD_DS##1[K1] = -8.71956112046937820E-002
 QD_DS##2[K1] = -8.71956112046937820E-002
 QD_RACETRACK##1[K1] = -8.71956112046937820E-002
 QD_RACETRACK##2[K1] = -8.71956112046937820E-002
 QD_DS##1[K1] = -8.71956112046937820E-002
 QD_DS##2[K1] = -8.71956112046937820E-002
 QD_RACETRACK##1[K1] = -8.71956112046937820E-002
 QD_RACETRACK##2[K1] = -8.71956112046937820E-002
 QD_DS##1[K1] = -8.71956112046937820E-002
 QD_DS##2[K1] = -8.71956112046937820E-002
 QD_RACETRACK##1[K1] = -8.71956112046937820E-002
 QD_RACETRACK##2[K1] = -8.71956112046937820E-002
 QD_RACETRACK##1[K1] = -8.71956112046937820E-002
 QD_RACETRACK##2[K1] = -8.71956112046937820E-002
 QD_DS##1[K1] = -8.71956112046937820E-002
 QD_DS##2[K1] = -8.71956112046937820E-002
 QD_DS##1[K1] = -8.71956112046937820E-002
 QD_DS##2[K1] = -8.71956112046937820E-002
 
 end_file
 
 
 ! Top 10
 
 Constraints                      Ref_Ele    Start_Ele   Ele/S    Meas-or-Lim    Model       Merit      Max_Loc
 phase[1]       phase.a <target>  M                     QF_DS      1.0472E+00   6.2169E-02  9.703E+00
 phase[2]       phase.b <target>  M                     QF_DS      1.0472E+00   1.3448E+00  8.856E-01
 cell_quads[2]  56,57[K1]                               11.00     -1.0000E+30  -8.7196E-02  0.000E+00
 cell_quads[1]  52,61[K1]                               0.50      -1.0000E+30   1.0883E-01  0.000E+00
 Constraints                      Ref_Ele    Start_Ele   Ele/S    Meas-or-Lim    Model       Merit      Max_Loc
 
  figure of merit: 1.058843E+01
 
 List of non-zero contributors to the Merit Function:
 Name                                          Merit           Sigma [= sqrt(Chi^2/N)]
 phase.1                                       1.0588E+01      7.2761E-01
 
 Constraints                      Ref_Ele    Start_Ele   Ele/S    Meas-or-Lim    Model       Merit      Max_Loc
 phase[1]       phase.a <target>  M                     QF_DS      1.0472E+00   6.2169E-02  9.703E+00
 phase[2]       phase.b <target>  M                     QF_DS      1.0472E+00   1.3448E+00  8.856E-01
 cell_quads[1]  52,61[K1]                               0.50      -1.0000E+30   1.0883E-01  0.000E+00
 cell_quads[2]  56,57[K1]                               11.00     -1.0000E+30  -8.7196E-02  0.000E+00
 Constraints                      Ref_Ele    Start_Ele   Ele/S    Meas-or-Lim    Model       Merit      Max_Loc
 
  figure of merit: 1.058843E+01
